<?xml version="1.0" encoding="UTF-8"?>
<!-- Generated by org.testng.reporters.JUnitReportReporter -->
<testsuite name="Academy.HomePage" tests="2" time="40.806" ignored="0" failures="0" timestamp="05 Oct 2017 11:39:45 GMT" skipped="0" hostname="DESKTOP-GOMK6OD" errors="0">
  <testcase name="basePageNavigation" time="35.389" classname="Academy.HomePage"/>
  <testcase name="basePageNavigation" time="5.417" classname="Academy.HomePage"/>
</testsuite> <!-- Academy.HomePage -->
