<?xml version="1.0" encoding="UTF-8"?>
<!-- Generated by org.testng.reporters.JUnitReportReporter -->
<testsuite name="Academy.validateNavigationBar" tests="1" time="0.104" ignored="0" failures="0" timestamp="05 Oct 2017 11:39:45 GMT" skipped="0" hostname="DESKTOP-GOMK6OD" errors="0">
  <testcase name="validateAppNavBar" time="0.104" classname="Academy.validateNavigationBar"/>
</testsuite> <!-- Academy.validateNavigationBar -->
