<?xml version="1.0" encoding="UTF-8"?>
<!-- Generated by org.testng.reporters.JUnitReportReporter -->
<testsuite hostname="DESKTOP-GOMK6OD" name="Academy.validateTitle" tests="1" failures="0" timestamp="16 Oct 2017 22:49:54 GMT" time="0.104" errors="0">
  <testcase name="validateAppTitle" time="0.104" classname="Academy.validateTitle"/>
</testsuite> <!-- Academy.validateTitle -->
