<?xml version="1.0" encoding="UTF-8"?>
<!-- Generated by org.testng.reporters.JUnitReportReporter -->
<testsuite hostname="DESKTOP-GOMK6OD" name="Academy.HomePage" tests="2" failures="0" timestamp="16 Oct 2017 22:49:54 GMT" time="45.314" errors="0">
  <testcase name="basePageNavigation" time="6.937" classname="Academy.HomePage"/>
  <testcase name="basePageNavigation" time="38.377" classname="Academy.HomePage"/>
</testsuite> <!-- Academy.HomePage -->
