<?xml version="1.0" encoding="UTF-8"?>
<!-- Generated by org.testng.reporters.JUnitReportReporter -->
<testsuite hostname="DESKTOP-GOMK6OD" name="Academy.validateNavigationBar" tests="1" failures="0" timestamp="16 Oct 2017 22:49:54 GMT" time="0.156" errors="0">
  <testcase name="validateAppNavBar" time="0.156" classname="Academy.validateNavigationBar"/>
</testsuite> <!-- Academy.validateNavigationBar -->
